<?xml version="1.0" encoding="UTF-8"?>
<!-- Generated by org.testng.reporters.JUnitReportReporter -->
<testsuite hostname="CPU0057" name="testcases.temp" tests="1" failures="0" timestamp="15 Sep 2017 12:02:32 GMT" time="0.011" errors="0">
  <testcase name="sampleTest" time="0.011" classname="testcases.temp"/>
</testsuite> <!-- testcases.temp -->
