<?xml version="1.0" encoding="UTF-8"?>
<!-- Generated by org.testng.reporters.JUnitReportReporter -->
<testsuite hostname="hp" name="testcases.LoginTest" tests="2" failures="0" timestamp="10 Aug 2016 19:36:53 GMT" time="5.083" errors="0">
  <testcase name="VefifySorting" time="2.795" classname="testcases.LoginTest"/>
  <testcase name="VerifyTitle" time="2.288" classname="testcases.LoginTest"/>
</testsuite> <!-- testcases.LoginTest -->
