<?xml version="1.0" encoding="UTF-8"?>
<!-- Generated by org.testng.reporters.JUnitReportReporter -->
<testsuite hostname="CPU0057" name="testcases.LoginTest" tests="2" failures="0" timestamp="5 Oct 2016 09:41:59 GMT" time="4.196" errors="0">
  <testcase name="VerifyTitle" time="2.829" classname="testcases.LoginTest"/>
  <testcase name="VefifySorting" time="1.367" classname="testcases.LoginTest"/>
</testsuite> <!-- testcases.LoginTest -->
